make all --print-data-base --no-builtin-variables --no-builtin-rules --question
# GNU Make 4.3
# Built for x86_64-pc-linux-gnu
# Copyright (C) 1988-2020 Free Software Foundation, Inc.
# License GPLv3+: GNU GPL version 3 or later <http://gnu.org/licenses/gpl.html>
# This is free software: you are free to change and redistribute it.
# There is NO WARRANTY, to the extent permitted by law.

# Make data base, printed on Thu Sep 16 01:19:28 2021

# Variables

# makefile (from 'Makefile', line 9)
OBJ = $(SRC:.c=.o)
# environment
GDK_BACKEND = x11
# default
ARFLAGS := -rv
# makefile (from 'config.mk', line 10)
LIBDIR = $(LIBPREFIX)/surf
# environment
LC_ALL = C
# environment
NO_AT_BRIDGE = 1
# makefile (from 'Makefile', line 7)
SRC = surf.c
# environment
_GITSTATUS_RESP_FD = 13
# default
FFLAGS := -O1
# environment
VSCODE_IPC_HOOK_EXTHOST = /run/user/1000/vscode-ipc-39d3d5ae-e07f-40b7-ba91-693d3fd624ca.sock
# environment
VSCODE_CWD = /home/zer0/Downloads/tmp
# environment
WINDOWID = 44040194
# environment
WINDOWPATH = 1
# makefile (from 'config.mk', line 22)
LIBS = $(X11LIB) $(GTKLIB) -lgthread-2.0
# default
MAKE_COMMAND := make
# environment
_GITSTATUS_REQ_FD = 12
# automatic
@D = $(patsubst %/,%,$(dir $@))
# environment
VSCODE_HANDLES_UNCAUGHT_ERRORS = true
# default
.VARIABLES := 
# makefile (from 'config.mk', line 16)
GTKLIB = `pkg-config --libs gtk+-3.0 gcr-3 webkit2gtk-4.0`
# environment
PWD = /home/zer0/.progs/surf-2.1
# automatic
%D = $(patsubst %/,%,$(dir $%))
# environment
MAIL = /var/spool/mail/zer0
# makefile (from 'config.mk', line 28)
SURFCFLAGS = -fPIC $(INCS) $(CPPFLAGS)
# environment
OLDPWD = /home/zer0/Downloads
# automatic
^D = $(patsubst %/,%,$(dir $^))
# environment
VSCODE_LOG_STACK = false
# automatic
%F = $(notdir $%)
# environment
VSCODE_CODE_CACHE_PATH = /home/zer0/.config/VSCodium/CachedData/e7d7e9a9348e6a8cc8c03f877d39cb72e5dfb1ff
# environment
LANG = C
# environment
XAUTHORITY = /home/zer0/.Xauthority
# default
.LOADED := 
# default
.INCLUDE_DIRS = /usr/include /usr/local/include /usr/include
# makefile
MAKEFLAGS = pqrR
# makefile
CURDIR := /home/zer0/.progs/surf-2.1
# environment
VSCODE_PIPE_LOGGING = true
# environment
APPLICATION_INSIGHTS_NO_DIAGNOSTIC_CHANNEL = true
# automatic
*D = $(patsubst %/,%,$(dir $*))
# makefile (from 'config.mk', line 2)
VERSION = 2.1
# environment
MFLAGS = -pqrR
# default
.SHELLFLAGS := -ec
# automatic
+D = $(patsubst %/,%,$(dir $+))
# makefile (from 'Makefile', line 11)
WLIB = $(WSRC:.c=.so)
# environment
VSCODE_CRASH_REPORTER_START_OPTIONS = {"companyName":"Microsoft","productName":"VSCodium","submitURL":"","uploadToServer":false}
# makefile (from 'config.mk', line 1)
MAKEFILE_LIST := Makefile config.mk
# automatic
@F = $(notdir $@)
# makefile (from 'config.mk', line 18)
WEBEXTLIBS = `pkg-config --libs webkit2gtk-4.0 webkit2gtk-web-extension-4.0 gio-2.0`
# environment
VSCODE_VERBOSE_LOGGING = true
# environment
VSCODE_PID = 66147
# environment
XDG_SESSION_TYPE = tty
# automatic
?D = $(patsubst %/,%,$(dir $?))
# automatic
*F = $(notdir $*)
# environment
CHROME_DESKTOP = codium-url-handler.desktop
# environment
DBUS_SESSION_BUS_ADDRESS = unix:path=/run/user/1000/bus
# automatic
<D = $(patsubst %/,%,$(dir $<))
# environment
VSCODE_NLS_CONFIG = {"locale":"en-us","availableLanguages":{},"_languagePackSupport":true}
# environment
BREAKPAD_DUMP_LOCATION = /home/zer0/.config/VSCodium/exthost Crash Reports
# default
MAKE_HOST := x86_64-pc-linux-gnu
# makefile
SHELL = /bin/sh
# default
MAKECMDGOALS := all
# environment
SHLVL = 5
# environment
MAKELEVEL := 0
# default
MAKE = $(MAKE_COMMAND)
# default
FC := fort77
# environment
PATH = /usr/local/sbin:/usr/local/bin:/usr/bin:/usr/lib/jvm/default/bin:/usr/bin/site_perl:/usr/bin/vendor_perl:/usr/bin/core_perl
# default
MAKEFILES := 
# environment
MOTD_SHOWN = pam
# automatic
^F = $(notdir $^)
# makefile (from 'config.mk', line 7)
PREFIX = /usr/local
# environment
INVOCATION_ID = 592a109fdf024e0689b161c5ab8add31
# makefile (from 'config.mk', line 21)
INCS = $(X11INC) $(GTKINC)
# environment
VSCODE_LOG_NATIVE = false
# automatic
?F = $(notdir $?)
# environment
XDG_SEAT = seat0
# environment
ALACRITTY_LOG = /tmp/Alacritty-65990.log
# automatic
+F = $(notdir $+)
# environment
GITSTATUS_DAEMON_PID = 66103
# environment
ORIGINAL_XDG_CURRENT_DESKTOP = undefined
# 'override' directive
GNUMAKEFLAGS := 
# environment
LOGNAME = zer0
# makefile (from 'config.mk', line 12)
X11INC = `pkg-config --cflags x11`
# makefile (from 'config.mk', line 25)
CPPFLAGS = -DVERSION=\"$(VERSION)\" -DGCR_API_SUBJECT_TO_CHANGE  -DLIBPREFIX=\"$(LIBPREFIX)\" -DWEBEXTDIR=\"$(LIBDIR)\"  -D_DEFAULT_SOURCE
# makefile (from 'Makefile', line 10)
WOBJ = $(WSRC:.c=.o)
# environment
_GITSTATUS_CLIENT_PID = 65991
# environment
XDG_VTNR = 1
# makefile
.DEFAULT_GOAL := all
# environment
SYSTEMD_EXEC_PID = 474
# makefile (from 'config.mk', line 9)
LIBPREFIX = $(PREFIX)/lib
# environment
DISPLAY = :0
# environment
GTK_MODULES = canberra-gtk-module
# environment
USER = zer0
# default
MAKE_VERSION := 4.3
# default
SCCSGETFLAGS := -s
# makefile (from 'config.mk', line 15)
GTKINC = `pkg-config --cflags gtk+-3.0 gcr-3 webkit2gtk-4.0`
# makefile (from 'config.mk', line 17)
WEBEXTINC = `pkg-config --cflags webkit2gtk-4.0 webkit2gtk-web-extension-4.0 gio-2.0`
# environment
_ = /usr/bin/make
# environment
XDG_RUNTIME_DIR = /run/user/1000
# default
CFLAGS := -O1
# environment
COLORTERM = truecolor
# environment
JOURNAL_STREAM = 8:19807
# environment
XDG_SESSION_CLASS = user
# environment
VSCODE_AMD_ENTRYPOINT = vs/workbench/services/extensions/node/extensionHostProcess
# environment
HOME = /home/zer0
# makefile (from 'config.mk', line 8)
MANPREFIX = $(PREFIX)/share/man
# environment
ELECTRON_RUN_AS_NODE = 1
# environment
VSCODE_IPC_HOOK = /run/user/1000/vscode-23009af6-1.60.0-main.sock
# environment
TERM = alacritty
# environment
XDG_SESSION_ID = 1
# default
.RECIPEPREFIX := 
# automatic
<F = $(notdir $<)
# default
SUFFIXES := 
# makefile (from 'config.mk', line 13)
X11LIB = `pkg-config --libs x11`
# makefile (from 'Makefile', line 8)
WSRC = webext-surf.c
# environment
VSCODE_CLI = 1
# environment
ELECTRON_NO_ATTACH_CONSOLE = 1
# default
.FEATURES := target-specific order-only second-expansion else-if shortest-stem undefine oneshell nocomment grouped-target extra-prereqs archives jobserver output-sync check-symlink guile load
# makefile (from 'config.mk', line 29)
WEBEXTCFLAGS = -fPIC $(WEBEXTINC)
# default
CC := c99
# variable set hash-table stats:
# Load=118/1024=12%, Rehash=0, Collisions=37/189=20%

# Pattern-specific Variable Values

# No pattern-specific variable values.

# Directories

# . (device 65026, inode 14024705): 28 files, no impossibilities.

# 28 files, no impossibilities in 1 directories.

# Implicit Rules

# No implicit rules.

# Files

webext-surf.o: webext-surf.c config.h common.h config.mk
#  Implicit rule search has not been done.
#  Modification time never checked.
#  File has not been updated.
#  recipe to execute (from 'Makefile', line 37):
	$(CC) $(WEBEXTCFLAGS) $(CFLAGS) -c $(WSRC)

dist: distclean
#  Phony target (prerequisite of .PHONY).
#  Implicit rule search has not been done.
#  File does not exist.
#  File has not been updated.
#  recipe to execute (from 'Makefile', line 47):
	mkdir -p surf-$(VERSION)
	cp -R LICENSE Makefile config.mk config.def.h README \
	    surf-open.sh arg.h TODO.md surf.png \
	    surf.1 common.h $(SRC) $(WSRC) surf-$(VERSION)
	tar -cf surf-$(VERSION).tar surf-$(VERSION)
	gzip surf-$(VERSION).tar
	rm -rf surf-$(VERSION)

surf.o: surf.c config.h common.h config.mk
#  Implicit rule search has not been done.
#  Modification time never checked.
#  File has not been updated.
#  recipe to execute (from 'Makefile', line 31):
	$(CC) $(SURFCFLAGS) $(CFLAGS) -c $(SRC)

distclean: clean
#  Phony target (prerequisite of .PHONY).
#  Implicit rule search has not been done.
#  File does not exist.
#  File has not been updated.
#  recipe to execute (from 'Makefile', line 44):
	rm -f config.h surf-$(VERSION).tar.gz

# Not a target:
Makefile:
#  Implicit rule search has been done.
#  Last modified 2021-05-09 19:34:33
#  File has been updated.
#  Successfully updated.

uninstall:
#  Phony target (prerequisite of .PHONY).
#  Implicit rule search has not been done.
#  File does not exist.
#  File has not been updated.
#  recipe to execute (from 'Makefile', line 69):
	rm -f $(DESTDIR)$(PREFIX)/bin/surf
	rm -f $(DESTDIR)$(MANPREFIX)/man1/surf.1
	for wlib in $(WLIB); do \
	    rm -f $(DESTDIR)$(LIBDIR)/$$wlib; \
	done
	- rmdir $(DESTDIR)$(LIBDIR)

clean:
#  Phony target (prerequisite of .PHONY).
#  Implicit rule search has not been done.
#  File does not exist.
#  File has not been updated.
#  recipe to execute (from 'Makefile', line 40):
	rm -f surf $(OBJ)
	rm -f $(WLIB) $(WOBJ)

webext-surf.so: webext-surf.o
#  Implicit rule search has not been done.
#  Modification time never checked.
#  File has not been updated.
#  recipe to execute (from 'Makefile', line 34):
	$(CC) -shared -Wl,-soname,$@ $(LDFLAGS) -o $@ $? $(WEBEXTLIBS)

# Not a target:
.DEFAULT:
#  Implicit rule search has not been done.
#  Modification time never checked.
#  File has not been updated.

# Not a target:
surf.c:
#  Implicit rule search has not been done.
#  Modification time never checked.
#  File has not been updated.

all: options surf webext-surf.so
#  Phony target (prerequisite of .PHONY).
#  Command line target.
#  Implicit rule search has not been done.
#  File does not exist.
#  File has been updated.
#  Needs to be updated (-q is set).
# variable set hash-table stats:
# Load=0/32=0%, Rehash=0, Collisions=0/20=0%

# Not a target:
config.mk:
#  Implicit rule search has been done.
#  Last modified 2021-05-09 19:34:33
#  File has been updated.
#  Successfully updated.

config.h:
#  Implicit rule search has not been done.
#  Modification time never checked.
#  File has not been updated.
#  recipe to execute (from 'Makefile', line 28):
	cp config.def.h $@

.POSIX:
#  Implicit rule search has not been done.
#  Modification time never checked.
#  File has not been updated.

surf: surf.o
#  Implicit rule search has not been done.
#  Modification time never checked.
#  File has not been updated.
#  recipe to execute (from 'Makefile', line 23):
	$(CC) $(SURFLDFLAGS) $(LDFLAGS) -o $@ $(OBJ) $(LIBS)

install: all
#  Phony target (prerequisite of .PHONY).
#  Implicit rule search has not been done.
#  File does not exist.
#  File has not been updated.
#  recipe to execute (from 'Makefile', line 56):
	mkdir -p $(DESTDIR)$(PREFIX)/bin
	cp -f surf $(DESTDIR)$(PREFIX)/bin
	chmod 755 $(DESTDIR)$(PREFIX)/bin/surf
	mkdir -p $(DESTDIR)$(LIBDIR)
	cp -f $(WLIB) $(DESTDIR)$(LIBDIR)
	for wlib in $(WLIB); do \
	    chmod 644 $(DESTDIR)$(LIBDIR)/$$wlib; \
	done
	mkdir -p $(DESTDIR)$(MANPREFIX)/man1
	sed "s/VERSION/$(VERSION)/g" < surf.1 > $(DESTDIR)$(MANPREFIX)/man1/surf.1
	chmod 644 $(DESTDIR)$(MANPREFIX)/man1/surf.1

# Not a target:
webext-surf.c:
#  Implicit rule search has not been done.
#  Modification time never checked.
#  File has not been updated.

# Not a target:
.SUFFIXES:
#  Implicit rule search has not been done.
#  Modification time never checked.
#  File has not been updated.

.PHONY: all options distclean clean dist install uninstall
#  Implicit rule search has not been done.
#  Modification time never checked.
#  File has not been updated.

# Not a target:
common.h:
#  Implicit rule search has not been done.
#  Modification time never checked.
#  File has not been updated.

options:
#  Phony target (prerequisite of .PHONY).
#  Implicit rule search has not been done.
#  Implicit/static pattern stem: ''
#  File does not exist.
#  File has been updated.
#  Needs to be updated (-q is set).
# automatic
# @ := options
# automatic
# * := 
# automatic
# < := 
# automatic
# + := 
# automatic
# % := 
# automatic
# ^ := 
# automatic
# ? := 
# automatic
# | := 
# variable set hash-table stats:
# Load=8/32=25%, Rehash=0, Collisions=8/28=29%
#  recipe to execute (from 'Makefile', line 16):
	@echo surf build options:
	@echo "CC            = $(CC)"
	@echo "CFLAGS        = $(SURFCFLAGS) $(CFLAGS)"
	@echo "WEBEXTCFLAGS  = $(WEBEXTCFLAGS) $(CFLAGS)"
	@echo "LDFLAGS       = $(LDFLAGS)"

# files hash-table stats:
# Load=21/1024=2%, Rehash=0, Collisions=0/61=0%
# VPATH Search Paths

# No 'vpath' search paths.

# No general ('VPATH' variable) search path.

# strcache buffers: 1 (0) / strings = 41 / storage = 415 B / avg = 10 B
# current buf: size = 8162 B / used = 415 B / count = 41 / avg = 10 B

# strcache performance: lookups = 92 / hit rate = 55%
# hash-table stats:
# Load=41/8192=1%, Rehash=0, Collisions=0/92=0%
# Finished Make data base on Thu Sep 16 01:19:28 2021

 
